20250821	23:04:39	fd6322f5-2d66-4326-8e7f-581585cdcf93	GET	/	undefined
20250821	23:05:03	7c2a482e-8703-4f88-87c0-8d2c435fc8ef	POST	/api/auth/	undefined
20250821	23:05:07	bcd2f85f-4c8b-4fed-aa2e-e38817709e88	POST	/todos	undefined
20250821	23:05:10	e68cf273-37d7-40d4-a882-a99b9e4eda2c	GET	/todos	undefined
20250821	23:05:16	70d2a304-c827-475c-af10-f8f4255e36c4	GET	/todos	undefined
20250822	19:39:36	fff9dcde-c1e3-472b-b912-c8c4a64a6b81	GET	/api/auth/users/	undefined
20250822	19:39:42	4fcc9c1a-f145-47e7-a2cf-d6006fa901ed	POST	/api/auth/users/login/	undefined
20250822	19:39:43	57f4fb27-e03a-48ad-8454-2cdecb577cb4	POST	/api/auth/users/login/	undefined
20250822	19:39:43	6fed68f6-3a26-42f0-980c-6735db2c952e	POST	/api/auth/users/login/	undefined
20250822	19:39:44	0bf90f7f-a9a9-41b7-8dbb-6da3c86ab6d8	POST	/api/auth/users/login/	undefined
20250822	19:39:45	7eeb88d2-1047-406e-a5fa-ef44f796ff75	POST	/api/auth/users/login/	undefined
20250822	19:39:45	d7ee48c7-5552-4d69-bb0d-4a27844ac19a	POST	/api/auth/users/login/	undefined
20250822	19:39:46	ce7fea53-5d58-413f-881b-0577102ad40b	POST	/api/auth/users/login/	undefined
20250822	19:43:16	3f35bf4d-6243-4f68-9696-299f5d29f55e	POST	/api/auth/users/login/	undefined
20250822	19:43:20	03968d71-7ba6-42ad-b90d-2f267e330de4	GET	/api/auth/users/	undefined
20250822	19:43:37	6c1c2367-9bf5-4c87-a14d-8be3fdf258bc	GET	/api/auth/users/	undefined
20250822	19:44:01	7773101f-204e-4786-864c-3ee175e0a586	GET	/api/auth/refresh	undefined
20250822	19:45:19	d03bfe55-9ad5-466e-bee6-dbe2eaeabee5	GET	/api/auth/refresh	undefined
20250822	19:45:34	1b6d59f3-6577-4a0b-a1fb-d99af403381a	GET	/api/auth/refresh	undefined
20250822	19:45:47	4db68cc3-3bb7-45e8-8e3c-3b140881ade0	GET	/api/auth/refresh	undefined
20250822	19:45:58	58f1f1c5-625e-4cf7-b9f5-6e2737696cb8	GET	/api/auth/refresh	undefined
20250822	19:46:12	62674e0e-a56e-40cb-82d5-9e27da5a74c1	GET	/api/movies	undefined
20250822	19:46:19	b55ce42a-56d9-4e7e-bca8-06890968641d	GET	/api/movies?filter	undefined
20250822	19:46:24	6109becf-c3d5-40fe-a616-1ef95aef9d53	GET	/api/movies?filter=title	undefined
20250822	19:46:32	2f15eed5-3cf0-4a1c-85e8-1989b1888eb3	GET	/api/movies?filter=title&value=Iron	undefined
20250822	19:46:42	20ebeef4-f7a1-4a51-868b-da6f25c3af0b	GET	/api/auth/refresh	undefined
20250822	19:46:54	f649fbbc-44e4-4b93-bdb5-b14965322d37	GET	/api/movies?filter=title&value=Iron	undefined
20250822	19:47:01	59d42c19-3545-4c85-b5cd-57d6cb26ab67	GET	/api/movies	undefined
20250822	19:48:32	c3207630-c2c2-4f84-b534-09a7b1c61016	GET	/api/movies	undefined
20250822	19:51:28	763b85c5-e52b-41f9-a4ce-66d0a3cd1c72	POST	/api/auth/users/login/	undefined
20250822	19:52:08	f0707a43-8d45-4676-8aa3-bf0f31e434d7	DELETE	/api/auth/users/68a2cecfcc37f7e24807f268	undefined
20250822	19:53:41	ba96cb6b-ee34-48ea-87da-78b7c148bd25	GET	/api/auth/refresh	undefined
20250822	19:54:10	2196a509-e759-4918-ae33-3844b9291bd8	DELETE	/api/auth/users/68a2cecfcc37f7e24807f268	undefined
20250822	19:54:18	83a09ce9-0dcf-41f5-8c4f-6e531894499a	GET	/api/auth/refresh	undefined
20250822	19:54:27	1a1a28db-c913-4475-bf30-b9b8b24965ff	DELETE	/api/auth/users/68a2cecfcc37f7e24807f268	undefined
20250822	19:54:32	f14d9706-2836-4833-82be-e7dda391a171	DELETE	/api/auth/users/68a2cecfcc37f7e24807f26	undefined
20250822	19:55:13	e82a73d4-e0a4-48a5-91dd-bc2ac45a2217	POST	/api/auth/users/register	undefined
20250822	21:49:41	9e51e4fd-dac6-4193-985f-ac930d31d46d	POST	/api/auth/users/register	undefined
20250822	21:49:45	5015fd78-5981-4b62-b8c8-821dd0f0da78	POST	/api/auth/users/login/	undefined
20250822	21:56:33	6cfd4a36-f20b-491e-a6f6-d8e9043798b9	POST	/api/auth/users/login/	undefined
20250822	21:59:20	e9868036-19c3-4bae-94f5-dad2fa58b4bd	POST	/api/auth/users/login/	undefined
20250822	22:00:48	b464390b-d513-4f8b-88b7-a22f3f96d463	GET	/api/auth/users/	undefined
20250822	22:00:53	9e353fb1-8c7c-4183-b58f-798585cbaa05	GET	/api/movies	undefined
20250822	22:01:05	0e18c158-624e-40f2-8719-d1d970502462	POST	/api/auth/users/register	undefined
20250822	22:01:12	78ffe2a6-5e7e-41b6-862d-d43e3f44b3d4	POST	/api/auth/users/register	undefined
20250822	22:01:28	041bed44-2406-45e9-becb-2fc6e9581dd3	POST	/api/auth/users/login/	undefined
20250822	22:03:28	7b55d553-60ae-4605-b771-b6af31347257	POST	/api/auth/users/login/	undefined
20250822	22:03:42	1e13d543-b573-4f2e-be88-bef901a61293	GET	/api/auth/users/	undefined
20250822	22:03:48	bbeeca6d-9ba0-49de-a2a4-9874506999f4	GET	/api/movies	undefined
20250822	22:03:49	d423c173-c0d0-49e6-bc91-b1be0531180b	GET	/api/movies	undefined
20250822	22:03:50	2cab0f69-2ac1-4a2e-a353-d458ffcd8594	GET	/api/movies	undefined
20250822	22:03:51	301a8f60-0f43-4b29-acf0-f490c1107867	GET	/api/movies	undefined
20250822	22:03:52	bb51ca86-e12f-4915-93a6-0004c55d7321	GET	/api/movies	undefined
20250822	22:03:53	3dbea0d2-4c3c-4607-a98e-9362267c327b	GET	/api/movies	undefined
20250822	22:03:53	af7bb7ed-8ed9-4097-89db-469731d27cca	GET	/api/movies	undefined
20250822	22:03:54	028bf173-9aab-4ecf-91f9-632a33d669f7	GET	/api/movies	undefined
20250822	22:03:57	3ee40fbc-5907-4d0f-9df8-5b1ba80307ca	GET	/api/movies	undefined
20250822	22:03:58	aec4cf2c-f8ba-4304-80ef-7d6cf6eb4859	GET	/api/movies	undefined
20250822	22:05:37	772c85c7-c857-492d-ae59-8b299f705b39	GET	/api/auth/refresh	undefined
20250822	22:05:48	785ace78-8b84-402f-b0f7-9504941dd66e	GET	/api/auth/users/	undefined
20250822	22:06:31	d6955d4c-169b-4de8-baa2-a5a83dca0db8	GET	/api/auth/users/	undefined
20250822	22:07:10	a9cd1040-50f5-40d3-842c-d9904ea80e7e	GET	/	undefined
20250822	22:07:13	7b0acbff-aeb0-437c-8bce-68e111322923	GET	/todos/	undefined
20250822	22:07:13	d8643f71-3d45-49dd-b40c-41684eaf11e1	GET	/favicon.ico	undefined
20250822	22:07:28	f8a988ed-bbc5-4ef0-9584-8d093a6b101f	GET	/api/todos/	undefined
20250822	22:08:44	b9cd072d-4e2d-49ce-8ece-824f4a74d81e	GET	/api/todos/	undefined
20250822	22:12:36	61cca26f-5b75-4bd6-8536-c454c85ef030	GET	/api/todos/	undefined
20250822	22:13:32	634915a8-facb-4081-8111-8de989e5a97c	GET	/api/todos/	undefined
20250822	22:20:22	bddc8ce9-c02b-440b-9b47-17125435a875	POST	/api/auth/users/login/	undefined
20250822	22:20:35	a4e9ae95-d897-4525-9099-d59862d8c5c0	GET	/api/auth/users/	undefined
20250822	22:20:39	15e59717-7e29-43f3-abc3-95ccad52281e	GET	/api/movies	undefined
